[debug] [2022-09-07T23:49:34.719Z] ----------------------------------------------------------------------
[debug] [2022-09-07T23:49:34.720Z] Command:       C:\Program Files\nodejs\node.exe C:\Users\TORALES\AppData\Roaming\npm\node_modules\firebase-tools\lib\bin\firebase.js deploy
[debug] [2022-09-07T23:49:34.721Z] CLI Version:   11.8.0
[debug] [2022-09-07T23:49:34.721Z] Platform:      win32
[debug] [2022-09-07T23:49:34.721Z] Node Version:  v14.18.0
[debug] [2022-09-07T23:49:34.722Z] Time:          Wed Sep 07 2022 20:49:34 GMT-0300 (Argentina Standard Time)
[debug] [2022-09-07T23:49:34.722Z] ----------------------------------------------------------------------
[debug] 
[debug] [2022-09-07T23:49:34.783Z] > command requires scopes: ["email","openid","https://www.googleapis.com/auth/cloudplatformprojects.readonly","https://www.googleapis.com/auth/firebase","https://www.googleapis.com/auth/cloud-platform"]
[debug] [2022-09-07T23:49:34.783Z] > authorizing via signed-in user (jtorales2016@gmail.com)
[debug] [2022-09-07T23:49:34.783Z] [iam] checking project dw8-project for permissions ["firebase.projects.get","firebasehosting.sites.update"]
[debug] [2022-09-07T23:49:34.784Z] > refreshing access token with scopes: []
[debug] [2022-09-07T23:49:34.786Z] >>> [apiv2][query] POST https://www.googleapis.com/oauth2/v3/token [none]
[debug] [2022-09-07T23:49:34.786Z] >>> [apiv2][body] POST https://www.googleapis.com/oauth2/v3/token [omitted]
[debug] [2022-09-07T23:49:35.094Z] <<< [apiv2][status] POST https://www.googleapis.com/oauth2/v3/token 200
[debug] [2022-09-07T23:49:35.094Z] <<< [apiv2][body] POST https://www.googleapis.com/oauth2/v3/token [omitted]
[debug] [2022-09-07T23:49:35.101Z] >>> [apiv2][query] POST https://cloudresourcemanager.googleapis.com/v1/projects/dw8-project:testIamPermissions [none]
[debug] [2022-09-07T23:49:35.102Z] >>> [apiv2][(partial)header] POST https://cloudresourcemanager.googleapis.com/v1/projects/dw8-project:testIamPermissions x-goog-quota-user=projects/dw8-project
[debug] [2022-09-07T23:49:35.102Z] >>> [apiv2][body] POST https://cloudresourcemanager.googleapis.com/v1/projects/dw8-project:testIamPermissions {"permissions":["firebase.projects.get","firebasehosting.sites.update"]}
[debug] [2022-09-07T23:49:35.542Z] <<< [apiv2][status] POST https://cloudresourcemanager.googleapis.com/v1/projects/dw8-project:testIamPermissions 200
[debug] [2022-09-07T23:49:35.542Z] <<< [apiv2][body] POST https://cloudresourcemanager.googleapis.com/v1/projects/dw8-project:testIamPermissions {"permissions":["firebase.projects.get","firebasehosting.sites.update"]}
[debug] [2022-09-07T23:49:35.543Z] >>> [apiv2][query] GET https://firebase.googleapis.com/v1beta1/projects/dw8-project [none]
[debug] [2022-09-07T23:49:36.037Z] <<< [apiv2][status] GET https://firebase.googleapis.com/v1beta1/projects/dw8-project 200
[debug] [2022-09-07T23:49:36.037Z] <<< [apiv2][body] GET https://firebase.googleapis.com/v1beta1/projects/dw8-project {"projectId":"dw8-project","projectNumber":"63959816429","displayName":"dw8-project","name":"projects/dw8-project","resources":{"hostingSite":"dw8-project"},"state":"ACTIVE","etag":"1_a3265cc6-6cc5-45f0-8630-53cd14e5beca"}
[info] 
[info] === Deploying to 'dw8-project'...
[info] 
[info] i  deploying hosting 
[debug] [2022-09-07T23:49:36.041Z] >>> [apiv2][query] GET https://firebase.googleapis.com/v1beta1/projects/dw8-project [none]
[debug] [2022-09-07T23:49:37.211Z] <<< [apiv2][status] GET https://firebase.googleapis.com/v1beta1/projects/dw8-project 200
[debug] [2022-09-07T23:49:37.211Z] <<< [apiv2][body] GET https://firebase.googleapis.com/v1beta1/projects/dw8-project {"projectId":"dw8-project","projectNumber":"63959816429","displayName":"dw8-project","name":"projects/dw8-project","resources":{"hostingSite":"dw8-project"},"state":"ACTIVE","etag":"1_a3265cc6-6cc5-45f0-8630-53cd14e5beca"}
[debug] [2022-09-07T23:49:37.214Z] >>> [apiv2][query] POST https://firebasehosting.googleapis.com/v1beta1/projects/63959816429/sites/dw8-project/versions [none]
[debug] [2022-09-07T23:49:37.214Z] >>> [apiv2][body] POST https://firebasehosting.googleapis.com/v1beta1/projects/63959816429/sites/dw8-project/versions {"config":{"rewrites":[{"glob":"**","path":"/index.html"}]},"labels":{"deployment-tool":"cli-firebase"}}
[debug] [2022-09-07T23:49:39.317Z] <<< [apiv2][status] POST https://firebasehosting.googleapis.com/v1beta1/projects/63959816429/sites/dw8-project/versions 200
[debug] [2022-09-07T23:49:39.318Z] <<< [apiv2][body] POST https://firebasehosting.googleapis.com/v1beta1/projects/63959816429/sites/dw8-project/versions {"name":"projects/63959816429/sites/dw8-project/versions/079456cb957d217d","status":"CREATED","config":{"rewrites":[{"glob":"**","path":"/index.html"}]},"labels":{"deployment-tool":"cli-firebase"}}
[info] i  hosting[dw8-project]: beginning deploy... 
[debug] [2022-09-07T23:49:39.996Z] Error: EPERM: operation not permitted, scandir 'C:/Users/TORALES/AppData/Local/Archivos temporales de Internet'
    at Object.readdirSync (fs.js:1047:3)
    at GlobSync._readdir (C:\Users\TORALES\AppData\Roaming\npm\node_modules\firebase-tools\node_modules\glob\sync.js:285:46)
    at GlobSync._readdirInGlobStar (C:\Users\TORALES\AppData\Roaming\npm\node_modules\firebase-tools\node_modules\glob\sync.js:242:17)
    at GlobSync._readdir (C:\Users\TORALES\AppData\Roaming\npm\node_modules\firebase-tools\node_modules\glob\sync.js:273:17)
    at GlobSync._processReaddir (C:\Users\TORALES\AppData\Roaming\npm\node_modules\firebase-tools\node_modules\glob\sync.js:134:22)
    at GlobSync._process (C:\Users\TORALES\AppData\Roaming\npm\node_modules\firebase-tools\node_modules\glob\sync.js:129:10)
    at GlobSync._processGlobStar (C:\Users\TORALES\AppData\Roaming\npm\node_modules\firebase-tools\node_modules\glob\sync.js:377:10)
    at GlobSync._process (C:\Users\TORALES\AppData\Roaming\npm\node_modules\firebase-tools\node_modules\glob\sync.js:127:10)
    at GlobSync._processGlobStar (C:\Users\TORALES\AppData\Roaming\npm\node_modules\firebase-tools\node_modules\glob\sync.js:380:10)
    at GlobSync._process (C:\Users\TORALES\AppData\Roaming\npm\node_modules\firebase-tools\node_modules\glob\sync.js:127:10)
    at GlobSync._processGlobStar (C:\Users\TORALES\AppData\Roaming\npm\node_modules\firebase-tools\node_modules\glob\sync.js:380:10)
    at GlobSync._process (C:\Users\TORALES\AppData\Roaming\npm\node_modules\firebase-tools\node_modules\glob\sync.js:127:10)
    at new GlobSync (C:\Users\TORALES\AppData\Roaming\npm\node_modules\firebase-tools\node_modules\glob\sync.js:45:10)
    at globSync (C:\Users\TORALES\AppData\Roaming\npm\node_modules\firebase-tools\node_modules\glob\sync.js:23:10)
    at listFiles (C:\Users\TORALES\AppData\Roaming\npm\node_modules\firebase-tools\lib\listFiles.js:6:28)
    at runDeploys (C:\Users\TORALES\AppData\Roaming\npm\node_modules\firebase-tools\lib\deploy\hosting\deploy.js:39:49)
[error] 
[error] Error: An unexpected error has occurred.
